<?xml version="1.0" encoding="UTF-8"?>
<testsuite name="com.guitarshack.DummyTest" tests="1" skipped="0" failures="0" errors="0" timestamp="2022-06-16T14:25:57" hostname="MGC12DXCNLMD6N.dunton.ford.com" time="0.013">
  <properties/>
  <testcase name="dummyTest()" classname="com.guitarshack.DummyTest" time="0.013"/>
  <system-out><![CDATA[]]></system-out>
  <system-err><![CDATA[]]></system-err>
</testsuite>
